[debug] [2021-09-20T18:03:17.382Z] ----------------------------------------------------------------------
[debug] [2021-09-20T18:03:17.390Z] Command:       C:\Program Files\nodejs\node.exe C:\Users\Uzair Aziz\AppData\Roaming\npm\node_modules\firebase-tools\lib\bin\firebase.js deploy
[debug] [2021-09-20T18:03:17.391Z] CLI Version:   9.16.5
[debug] [2021-09-20T18:03:17.391Z] Platform:      win32
[debug] [2021-09-20T18:03:17.391Z] Node Version:  v14.17.3
[debug] [2021-09-20T18:03:17.404Z] Time:          Mon Sep 20 2021 23:03:17 GMT+0500 (Pakistan Standard Time)
[debug] [2021-09-20T18:03:17.405Z] ----------------------------------------------------------------------
[debug] 
[debug] [2021-09-20T18:03:17.588Z] > command requires scopes: ["email","openid","https://www.googleapis.com/auth/cloudplatformprojects.readonly","https://www.googleapis.com/auth/firebase","https://www.googleapis.com/auth/cloud-platform"]
[debug] [2021-09-20T18:03:17.589Z] > authorizing via signed-in user (uzair.aziz97@gmail.com)
[debug] [2021-09-20T18:03:17.589Z] [iam] checking project dot-ems-frontend for permissions ["firebase.projects.get","firebasehosting.sites.update"]
[debug] [2021-09-20T18:03:17.595Z] > refreshing access token with scopes: ["email","https://www.googleapis.com/auth/cloud-platform","https://www.googleapis.com/auth/cloudplatformprojects.readonly","https://www.googleapis.com/auth/firebase","openid"]
[debug] [2021-09-20T18:03:17.596Z] >>> HTTP REQUEST POST https://www.googleapis.com/oauth2/v3/token  
 <request body omitted>
[debug] [2021-09-20T18:03:18.099Z] <<< HTTP RESPONSE 200 {"expires":"Mon, 01 Jan 1990 00:00:00 GMT","date":"Mon, 20 Sep 2021 18:03:05 GMT","pragma":"no-cache","cache-control":"no-cache, no-store, max-age=0, must-revalidate","content-type":"application/json; charset=utf-8","vary":"X-Origin, Referer, Origin,Accept-Encoding","server":"scaffolding on HTTPServer2","x-xss-protection":"0","x-frame-options":"SAMEORIGIN","x-content-type-options":"nosniff","alt-svc":"h3=\":443\"; ma=2592000,h3-29=\":443\"; ma=2592000,h3-T051=\":443\"; ma=2592000,h3-Q050=\":443\"; ma=2592000,h3-Q046=\":443\"; ma=2592000,h3-Q043=\":443\"; ma=2592000,quic=\":443\"; ma=2592000; v=\"46,43\"","accept-ranges":"none","transfer-encoding":"chunked"}
[debug] [2021-09-20T18:03:18.151Z] >>> HTTP REQUEST POST https://cloudresourcemanager.googleapis.com/v1/projects/dot-ems-frontend:testIamPermissions  
 {"permissions":["firebase.projects.get","firebasehosting.sites.update"]}
[debug] [2021-09-20T18:03:19.972Z] <<< HTTP RESPONSE 200 {"content-type":"application/json; charset=UTF-8","vary":"X-Origin, Referer, Origin,Accept-Encoding","date":"Mon, 20 Sep 2021 18:03:07 GMT","server":"ESF","cache-control":"private","x-xss-protection":"0","x-frame-options":"SAMEORIGIN","x-content-type-options":"nosniff","server-timing":"gfet4t7; dur=1307","alt-svc":"h3=\":443\"; ma=2592000,h3-29=\":443\"; ma=2592000,h3-T051=\":443\"; ma=2592000,h3-Q050=\":443\"; ma=2592000,h3-Q046=\":443\"; ma=2592000,h3-Q043=\":443\"; ma=2592000,quic=\":443\"; ma=2592000; v=\"46,43\"","accept-ranges":"none","transfer-encoding":"chunked"}
[debug] [2021-09-20T18:03:19.974Z] [iam] error while checking permissions, command may fail: FirebaseError: Authorization failed. This account is missing the following required permissions on project dot-ems-frontend:

  firebase.projects.get
  firebasehosting.sites.update
[debug] [2021-09-20T18:03:19.978Z] > refreshing access token with scopes: []
[debug] [2021-09-20T18:03:19.979Z] >>> HTTP REQUEST POST https://www.googleapis.com/oauth2/v3/token  
 <request body omitted>
[debug] [2021-09-20T18:03:20.357Z] <<< HTTP RESPONSE 200 {"cache-control":"no-cache, no-store, max-age=0, must-revalidate","pragma":"no-cache","date":"Mon, 20 Sep 2021 18:03:07 GMT","expires":"Mon, 01 Jan 1990 00:00:00 GMT","content-type":"application/json; charset=utf-8","vary":"X-Origin, Referer, Origin,Accept-Encoding","server":"scaffolding on HTTPServer2","x-xss-protection":"0","x-frame-options":"SAMEORIGIN","x-content-type-options":"nosniff","alt-svc":"h3=\":443\"; ma=2592000,h3-29=\":443\"; ma=2592000,h3-T051=\":443\"; ma=2592000,h3-Q050=\":443\"; ma=2592000,h3-Q046=\":443\"; ma=2592000,h3-Q043=\":443\"; ma=2592000,quic=\":443\"; ma=2592000; v=\"46,43\"","accept-ranges":"none","transfer-encoding":"chunked"}
[debug] [2021-09-20T18:03:20.398Z] >>> [apiv2][query] GET https://firebase.googleapis.com/v1beta1/projects/dot-ems-frontend [none]
[debug] [2021-09-20T18:03:21.102Z] <<< [apiv2][status] GET https://firebase.googleapis.com/v1beta1/projects/dot-ems-frontend 403
[debug] [2021-09-20T18:03:21.103Z] <<< [apiv2][body] GET https://firebase.googleapis.com/v1beta1/projects/dot-ems-frontend {"error":{"code":403,"message":"The caller does not have permission","status":"PERMISSION_DENIED"}}
[debug] [2021-09-20T18:03:21.104Z] HTTP Error: 403, The caller does not have permission
[debug] [2021-09-20T18:03:21.546Z] FirebaseError: HTTP Error: 403, The caller does not have permission
    at module.exports (C:\Users\Uzair Aziz\AppData\Roaming\npm\node_modules\firebase-tools\lib\responseToError.js:38:12)
    at Client.doRequest (C:\Users\Uzair Aziz\AppData\Roaming\npm\node_modules\firebase-tools\lib\apiv2.js:238:23)
    at processTicksAndRejections (internal/process/task_queues.js:95:5)
    at async Client.request (C:\Users\Uzair Aziz\AppData\Roaming\npm\node_modules\firebase-tools\lib\apiv2.js:96:20)
    at async Object.getFirebaseProject (C:\Users\Uzair Aziz\AppData\Roaming\npm\node_modules\firebase-tools\lib\management\projects.js:290:21)
    at async Object.getDefaultHostingSite (C:\Users\Uzair Aziz\AppData\Roaming\npm\node_modules\firebase-tools\lib\getDefaultHostingSite.js:8:21)
    at async requireHostingSite (C:\Users\Uzair Aziz\AppData\Roaming\npm\node_modules\firebase-tools\lib\requireHostingSite.js:9:18)
    at async Object.fn (C:\Users\Uzair Aziz\AppData\Roaming\npm\node_modules\firebase-tools\lib\commands\deploy.js:65:9)
    at async C:\Users\Uzair Aziz\AppData\Roaming\npm\node_modules\firebase-tools\lib\command.js:182:17
[error] 
[error] Error: Failed to get Firebase project dot-ems-frontend. Please make sure the project exists and your account has permission to access it.
